{"/Users/andrewmoores/development/projects/one-login/di-account-management-backend/lambda/write-activity-log/encrypt-data.ts": {"path":"/Users/andrewmoores/development/projects/one-login/di-account-management-backend/lambda/write-activity-log/encrypt-data.ts","statementMap":{"0":{"start":{"line":1,"column":0},"end":{"line":1,"column":71}},"1":{"start":{"line":2,"column":0},"end":{"line":2,"column":52}},"2":{"start":{"line":3,"column":0},"end":{"line":3,"column":65}},"3":{"start":{"line":5,"column":31},"end":{"line":5,"column":32}},"4":{"start":{"line":6,"column":17},"end":{"line":6,"column":25}},"5":{"start":{"line":9,"column":28},"end":{"line":9,"column":76}},"6":{"start":{"line":10,"column":20},"end":{"line":10,"column":53}},"7":{"start":{"line":12,"column":20},"end":{"line":64,"column":1}},"8":{"start":{"line":16,"column":32},"end":{"line":16,"column":43}},"9":{"start":{"line":17,"column":31},"end":{"line":17,"column":42}},"10":{"start":{"line":18,"column":38},"end":{"line":18,"column":49}},"11":{"start":{"line":19,"column":34},"end":{"line":19,"column":45}},"12":{"start":{"line":20,"column":25},"end":{"line":20,"column":36}},"13":{"start":{"line":21,"column":25},"end":{"line":21,"column":36}},"14":{"start":{"line":22,"column":26},"end":{"line":22,"column":37}},"15":{"start":{"line":24,"column":2},"end":{"line":28,"column":4}},"16":{"start":{"line":29,"column":2},"end":{"line":29,"column":54}},"17":{"start":{"line":30,"column":22},"end":{"line":30,"column":35}},"18":{"start":{"line":32,"column":2},"end":{"line":62,"column":null}},"19":{"start":{"line":39,"column":4},"end":{"line":44,"column":null}},"20":{"start":{"line":40,"column":6},"end":{"line":40,"column":78}},"21":{"start":{"line":42,"column":6},"end":{"line":42,"column":67}},"22":{"start":{"line":43,"column":6},"end":{"line":43,"column":18}},"23":{"start":{"line":45,"column":30},"end":{"line":51,"column":6}},"24":{"start":{"line":52,"column":4},"end":{"line":61,"column":null}},"25":{"start":{"line":53,"column":25},"end":{"line":55,"column":8}},"26":{"start":{"line":56,"column":23},"end":{"line":56,"column":48}},"27":{"start":{"line":57,"column":6},"end":{"line":57,"column":22}},"28":{"start":{"line":59,"column":6},"end":{"line":59,"column":58}},"29":{"start":{"line":60,"column":6},"end":{"line":60,"column":18}},"30":{"start":{"line":63,"column":2},"end":{"line":63,"column":60}},"31":{"start":{"line":66,"column":0},"end":{"line":66,"column":27}}},"fnMap":{"0":{"name":"(anonymous_1)","decl":{"start":{"line":12,"column":20},"end":{"line":12,"column":25}},"loc":{"start":{"line":15,"column":21},"end":{"line":64,"column":1}}}},"branchMap":{"0":{"loc":{"start":{"line":24,"column":2},"end":{"line":28,"column":4}},"type":"binary-expr","locations":[{"start":{"line":24,"column":2},"end":{"line":24,"column":12}},{"start":{"line":24,"column":2},"end":{"line":27,"column":null}}]},"1":{"loc":{"start":{"line":29,"column":2},"end":{"line":29,"column":54}},"type":"binary-expr","locations":[{"start":{"line":29,"column":2},"end":{"line":29,"column":15}},{"start":{"line":29,"column":2},"end":{"line":29,"column":53}}]},"2":{"loc":{"start":{"line":32,"column":2},"end":{"line":62,"column":null}},"type":"if","locations":[{"start":{"line":32,"column":2},"end":{"line":62,"column":null}}]},"3":{"loc":{"start":{"line":33,"column":4},"end":{"line":36,"column":29}},"type":"binary-expr","locations":[{"start":{"line":33,"column":4},"end":{"line":33,"column":37}},{"start":{"line":34,"column":4},"end":{"line":34,"column":28}},{"start":{"line":35,"column":4},"end":{"line":35,"column":28}},{"start":{"line":36,"column":4},"end":{"line":36,"column":29}}]}},"s":{"0":1,"1":1,"2":1,"3":1,"4":1,"5":1,"6":1,"7":1,"8":2,"9":2,"10":2,"11":2,"12":2,"13":2,"14":2,"15":2,"16":2,"17":2,"18":2,"19":2,"20":2,"21":0,"22":0,"23":2,"24":2,"25":2,"26":1,"27":1,"28":1,"29":1,"30":0,"31":1},"f":{"0":2},"b":{"0":[2,1],"1":[2,0],"2":[2],"3":[2,2,2,2]}}
,"/Users/andrewmoores/development/projects/one-login/di-account-management-backend/lambda/write-activity-log/get-access-check-value.ts": {"path":"/Users/andrewmoores/development/projects/one-login/di-account-management-backend/lambda/write-activity-log/get-access-check-value.ts","statementMap":{"0":{"start":{"line":1,"column":0},"end":{"line":1,"column":33}},"1":{"start":{"line":3,"column":29},"end":{"line":3,"column":37}},"2":{"start":{"line":4,"column":28},"end":{"line":4,"column":33}},"3":{"start":{"line":6,"column":34},"end":{"line":13,"column":1}},"4":{"start":{"line":9,"column":2},"end":{"line":12,"column":33}},"5":{"start":{"line":15,"column":0},"end":{"line":15,"column":41}}},"fnMap":{"0":{"name":"(anonymous_1)","decl":{"start":{"line":6,"column":34},"end":{"line":6,"column":39}},"loc":{"start":{"line":8,"column":21},"end":{"line":13,"column":1}}}},"branchMap":{},"s":{"0":1,"1":1,"2":1,"3":1,"4":2,"5":1},"f":{"0":2},"b":{}}
,"/Users/andrewmoores/development/projects/one-login/di-account-management-backend/lambda/write-activity-log/kms-keyring-builder.ts": {"path":"/Users/andrewmoores/development/projects/one-login/di-account-management-backend/lambda/write-activity-log/kms-keyring-builder.ts","statementMap":{"0":{"start":{"line":1,"column":0},"end":{"line":1,"column":57}},"1":{"start":{"line":8,"column":23},"end":{"line":8,"column":34}},"2":{"start":{"line":9,"column":24},"end":{"line":10,"column":null}},"3":{"start":{"line":19,"column":2},"end":{"line":23,"column":null}},"4":{"start":{"line":20,"column":4},"end":{"line":22,"column":6}},"5":{"start":{"line":24,"column":2},"end":{"line":28,"column":null}},"6":{"start":{"line":25,"column":4},"end":{"line":27,"column":6}},"7":{"start":{"line":29,"column":2},"end":{"line":33,"column":null}},"8":{"start":{"line":30,"column":4},"end":{"line":32,"column":6}},"9":{"start":{"line":34,"column":2},"end":{"line":38,"column":null}},"10":{"start":{"line":35,"column":4},"end":{"line":37,"column":6}},"11":{"start":{"line":39,"column":2},"end":{"line":39,"column":48}},"12":{"start":{"line":42,"column":24},"end":{"line":64,"column":1}},"13":{"start":{"line":47,"column":2},"end":{"line":51,"column":null}},"14":{"start":{"line":48,"column":4},"end":{"line":50,"column":6}},"15":{"start":{"line":52,"column":2},"end":{"line":60,"column":null}},"16":{"start":{"line":53,"column":4},"end":{"line":57,"column":null}},"17":{"start":{"line":54,"column":6},"end":{"line":56,"column":8}},"18":{"start":{"line":58,"column":4},"end":{"line":58,"column":54}},"19":{"start":{"line":59,"column":4},"end":{"line":59,"column":48}},"20":{"start":{"line":61,"column":2},"end":{"line":63,"column":4}},"21":{"start":{"line":66,"column":0},"end":{"line":66,"column":31}}},"fnMap":{"0":{"name":"formWrappingKeysArray","decl":{"start":{"line":15,"column":15},"end":{"line":15,"column":36}},"loc":{"start":{"line":17,"column":31},"end":{"line":40,"column":1}}},"1":{"name":"(anonymous_1)","decl":{"start":{"line":42,"column":24},"end":{"line":42,"column":29}},"loc":{"start":{"line":46,"column":29},"end":{"line":64,"column":1}}}},"branchMap":{"0":{"loc":{"start":{"line":19,"column":2},"end":{"line":23,"column":null}},"type":"if","locations":[{"start":{"line":19,"column":2},"end":{"line":23,"column":null}}]},"1":{"loc":{"start":{"line":24,"column":2},"end":{"line":28,"column":null}},"type":"if","locations":[{"start":{"line":24,"column":2},"end":{"line":28,"column":null}}]},"2":{"loc":{"start":{"line":29,"column":2},"end":{"line":33,"column":null}},"type":"if","locations":[{"start":{"line":29,"column":2},"end":{"line":33,"column":null}}]},"3":{"loc":{"start":{"line":34,"column":2},"end":{"line":38,"column":null}},"type":"if","locations":[{"start":{"line":34,"column":2},"end":{"line":38,"column":null}}]},"4":{"loc":{"start":{"line":47,"column":2},"end":{"line":51,"column":null}},"type":"if","locations":[{"start":{"line":47,"column":2},"end":{"line":51,"column":null}}]},"5":{"loc":{"start":{"line":47,"column":6},"end":{"line":47,"column":69}},"type":"binary-expr","locations":[{"start":{"line":47,"column":6},"end":{"line":47,"column":23}},{"start":{"line":47,"column":27},"end":{"line":47,"column":69}}]},"6":{"loc":{"start":{"line":52,"column":2},"end":{"line":60,"column":null}},"type":"if","locations":[{"start":{"line":52,"column":2},"end":{"line":60,"column":null}}]},"7":{"loc":{"start":{"line":53,"column":4},"end":{"line":57,"column":null}},"type":"if","locations":[{"start":{"line":53,"column":4},"end":{"line":57,"column":null}}]}},"s":{"0":2,"1":2,"2":2,"3":4,"4":1,"5":3,"6":1,"7":2,"8":0,"9":2,"10":0,"11":2,"12":2,"13":6,"14":4,"15":4,"16":3,"17":1,"18":2,"19":2,"20":1,"21":2},"f":{"0":4,"1":6},"b":{"0":[1],"1":[1],"2":[0],"3":[0],"4":[4],"5":[6,2],"6":[3],"7":[1]}}
,"/Users/andrewmoores/development/projects/one-login/di-account-management-backend/lambda/write-activity-log/write-activity-log.ts": {"path":"/Users/andrewmoores/development/projects/one-login/di-account-management-backend/lambda/write-activity-log/write-activity-log.ts","statementMap":{"0":{"start":{"line":2,"column":0},"end":{"line":2,"column":58}},"1":{"start":{"line":3,"column":0},"end":{"line":3,"column":null}},"2":{"start":{"line":8,"column":0},"end":{"line":8,"column":null}},"3":{"start":{"line":14,"column":0},"end":{"line":14,"column":41}},"4":{"start":{"line":16,"column":21},"end":{"line":16,"column":43}},"5":{"start":{"line":17,"column":24},"end":{"line":17,"column":65}},"6":{"start":{"line":18,"column":18},"end":{"line":18,"column":35}},"7":{"start":{"line":20,"column":40},"end":{"line":36,"column":1}},"8":{"start":{"line":23,"column":2},"end":{"line":35,"column":null}},"9":{"start":{"line":34,"column":4},"end":{"line":34,"column":61}},"10":{"start":{"line":20,"column":13},"end":{"line":20,"column":40}},"11":{"start":{"line":38,"column":37},"end":{"line":55,"column":1}},"12":{"start":{"line":41,"column":25},"end":{"line":41,"column":36}},"13":{"start":{"line":42,"column":18},"end":{"line":53,"column":4}},"14":{"start":{"line":54,"column":2},"end":{"line":54,"column":39}},"15":{"start":{"line":38,"column":13},"end":{"line":38,"column":37}},"16":{"start":{"line":57,"column":23},"end":{"line":90,"column":1}},"17":{"start":{"line":58,"column":22},"end":{"line":58,"column":33}},"18":{"start":{"line":59,"column":2},"end":{"line":89,"column":4}},"19":{"start":{"line":61,"column":6},"end":{"line":87,"column":null}},"20":{"start":{"line":62,"column":51},"end":{"line":62,"column":74}},"21":{"start":{"line":63,"column":8},"end":{"line":63,"column":51}},"22":{"start":{"line":64,"column":64},"end":{"line":75,"column":10}},"23":{"start":{"line":76,"column":8},"end":{"line":76,"column":58}},"24":{"start":{"line":78,"column":44},"end":{"line":81,"column":10}},"25":{"start":{"line":82,"column":23},"end":{"line":82,"column":76}},"26":{"start":{"line":83,"column":8},"end":{"line":86,"column":10}},"27":{"start":{"line":57,"column":13},"end":{"line":57,"column":23}}},"fnMap":{"0":{"name":"(anonymous_1)","decl":{"start":{"line":20,"column":40},"end":{"line":20,"column":null}},"loc":{"start":{"line":22,"column":10},"end":{"line":36,"column":1}}},"1":{"name":"(anonymous_2)","decl":{"start":{"line":38,"column":37},"end":{"line":38,"column":42}},"loc":{"start":{"line":40,"column":31},"end":{"line":55,"column":1}}},"2":{"name":"(anonymous_3)","decl":{"start":{"line":57,"column":23},"end":{"line":57,"column":28}},"loc":{"start":{"line":57,"column":64},"end":{"line":90,"column":1}}},"3":{"name":"(anonymous_4)","decl":{"start":{"line":60,"column":22},"end":{"line":60,"column":27}},"loc":{"start":{"line":60,"column":39},"end":{"line":88,"column":5}}}},"branchMap":{"0":{"loc":{"start":{"line":23,"column":2},"end":{"line":35,"column":null}},"type":"if","locations":[{"start":{"line":23,"column":2},"end":{"line":35,"column":null}}]},"1":{"loc":{"start":{"line":25,"column":6},"end":{"line":31,"column":56}},"type":"binary-expr","locations":[{"start":{"line":25,"column":6},"end":{"line":25,"column":44}},{"start":{"line":26,"column":6},"end":{"line":26,"column":47}},{"start":{"line":27,"column":6},"end":{"line":27,"column":46}},{"start":{"line":28,"column":6},"end":{"line":28,"column":47}},{"start":{"line":29,"column":6},"end":{"line":29,"column":45}},{"start":{"line":30,"column":6},"end":{"line":30,"column":46}},{"start":{"line":31,"column":6},"end":{"line":31,"column":56}}]}},"s":{"0":1,"1":1,"2":1,"3":1,"4":1,"5":1,"6":1,"7":1,"8":10,"9":2,"10":1,"11":1,"12":7,"13":7,"14":7,"15":1,"16":1,"17":3,"18":3,"19":6,"20":6,"21":6,"22":6,"23":6,"24":2,"25":2,"26":2,"27":1},"f":{"0":10,"1":7,"2":3,"3":6},"b":{"0":[2],"1":[10,9,9,8,8,8,8]}}
,"/Users/andrewmoores/development/projects/one-login/di-account-management-backend/lambda/write-activity-log/tests/test-helpers.ts": {"path":"/Users/andrewmoores/development/projects/one-login/di-account-management-backend/lambda/write-activity-log/tests/test-helpers.ts","statementMap":{"0":{"start":{"line":4,"column":13},"end":{"line":4,"column":34}},"1":{"start":{"line":5,"column":13},"end":{"line":5,"column":38}},"2":{"start":{"line":6,"column":13},"end":{"line":6,"column":37}},"3":{"start":{"line":7,"column":13},"end":{"line":7,"column":31}},"4":{"start":{"line":8,"column":13},"end":{"line":8,"column":35}},"5":{"start":{"line":9,"column":13},"end":{"line":9,"column":42}},"6":{"start":{"line":10,"column":13},"end":{"line":10,"column":39}},"7":{"start":{"line":12,"column":13},"end":{"line":20,"column":2}},"8":{"start":{"line":22,"column":26},"end":{"line":22,"column":79}},"9":{"start":{"line":23,"column":13},"end":{"line":24,"column":48}},"10":{"start":{"line":26,"column":19},"end":{"line":26,"column":69}},"11":{"start":{"line":27,"column":13},"end":{"line":29,"column":2}},"12":{"start":{"line":31,"column":21},"end":{"line":31,"column":73}},"13":{"start":{"line":32,"column":13},"end":{"line":34,"column":2}},"14":{"start":{"line":36,"column":13},"end":{"line":38,"column":2}},"15":{"start":{"line":40,"column":35},"end":{"line":55,"column":2}},"16":{"start":{"line":57,"column":13},"end":{"line":59,"column":2}},"17":{"start":{"line":61,"column":13},"end":{"line":69,"column":2}}},"fnMap":{},"branchMap":{},"s":{"0":2,"1":2,"2":2,"3":2,"4":2,"5":2,"6":2,"7":2,"8":2,"9":2,"10":2,"11":2,"12":2,"13":2,"14":2,"15":2,"16":2,"17":2},"f":{},"b":{}}
}
