TN:
SF:encrypt-data.ts
FN:12,(anonymous_1)
FNF:1
FNH:1
FNDA:2,(anonymous_1)
DA:1,1
DA:2,1
DA:3,1
DA:5,1
DA:6,1
DA:9,1
DA:10,1
DA:12,1
DA:16,2
DA:17,2
DA:18,2
DA:19,2
DA:20,2
DA:21,2
DA:22,2
DA:24,2
DA:29,2
DA:30,2
DA:32,2
DA:39,2
DA:40,2
DA:42,0
DA:43,0
DA:45,2
DA:52,2
DA:53,2
DA:56,1
DA:57,1
DA:59,1
DA:60,1
DA:63,0
DA:66,1
LF:32
LH:29
BRDA:24,0,0,2
BRDA:24,0,1,1
BRDA:29,1,0,2
BRDA:29,1,1,0
BRDA:32,2,0,2
BRDA:33,3,0,2
BRDA:33,3,1,2
BRDA:33,3,2,2
BRDA:33,3,3,2
BRF:9
BRH:8
end_of_record
TN:
SF:get-access-check-value.ts
FN:6,(anonymous_1)
FNF:1
FNH:1
FNDA:2,(anonymous_1)
DA:1,1
DA:3,1
DA:4,1
DA:6,1
DA:9,2
DA:15,1
LF:6
LH:6
BRF:0
BRH:0
end_of_record
TN:
SF:kms-keyring-builder.ts
FN:15,formWrappingKeysArray
FN:42,(anonymous_1)
FNF:2
FNH:2
FNDA:4,formWrappingKeysArray
FNDA:6,(anonymous_1)
DA:1,2
DA:8,2
DA:9,2
DA:19,4
DA:20,1
DA:24,3
DA:25,1
DA:29,2
DA:30,0
DA:34,2
DA:35,0
DA:39,2
DA:42,2
DA:47,6
DA:48,4
DA:52,4
DA:53,3
DA:54,1
DA:58,2
DA:59,2
DA:61,1
DA:66,2
LF:22
LH:20
BRDA:19,0,0,1
BRDA:24,1,0,1
BRDA:29,2,0,0
BRDA:34,3,0,0
BRDA:47,4,0,4
BRDA:47,5,0,6
BRDA:47,5,1,2
BRDA:52,6,0,3
BRDA:53,7,0,1
BRF:9
BRH:7
end_of_record
TN:
SF:write-activity-log.ts
FN:20,(anonymous_1)
FN:38,(anonymous_2)
FN:57,(anonymous_3)
FN:60,(anonymous_4)
FNF:4
FNH:4
FNDA:10,(anonymous_1)
FNDA:7,(anonymous_2)
FNDA:3,(anonymous_3)
FNDA:6,(anonymous_4)
DA:2,1
DA:3,1
DA:8,1
DA:14,1
DA:16,1
DA:17,1
DA:18,1
DA:20,1
DA:23,10
DA:34,2
DA:38,1
DA:41,7
DA:42,7
DA:54,7
DA:57,1
DA:58,3
DA:59,3
DA:61,6
DA:62,6
DA:63,6
DA:64,6
DA:76,6
DA:78,2
DA:82,2
DA:83,2
LF:25
LH:25
BRDA:23,0,0,2
BRDA:25,1,0,10
BRDA:25,1,1,9
BRDA:25,1,2,9
BRDA:25,1,3,8
BRDA:25,1,4,8
BRDA:25,1,5,8
BRDA:25,1,6,8
BRF:8
BRH:8
end_of_record
TN:
SF:tests/test-helpers.ts
FNF:0
FNH:0
DA:4,2
DA:5,2
DA:6,2
DA:7,2
DA:8,2
DA:9,2
DA:10,2
DA:12,2
DA:22,2
DA:23,2
DA:26,2
DA:27,2
DA:31,2
DA:32,2
DA:36,2
DA:40,2
DA:57,2
DA:61,2
LF:18
LH:18
BRF:0
BRH:0
end_of_record
