{"/Users/andrewmoores/development/projects/one-login/di-account-management-backend/lambda/format-activity-log/format-activity-log.ts": {"path":"/Users/andrewmoores/development/projects/one-login/di-account-management-backend/lambda/format-activity-log/format-activity-log.ts","statementMap":{"0":{"start":{"line":3,"column":0},"end":{"line":3,"column":null}},"1":{"start":{"line":16,"column":30},"end":{"line":21,"column":2}},"2":{"start":{"line":16,"column":67},"end":{"line":21,"column":2}},"3":{"start":{"line":23,"column":47},"end":{"line":32,"column":2}},"4":{"start":{"line":25,"column":24},"end":{"line":32,"column":2}},"5":{"start":{"line":34,"column":28},"end":{"line":38,"column":1}},"6":{"start":{"line":35,"column":2},"end":{"line":37,"column":null}},"7":{"start":{"line":36,"column":4},"end":{"line":36,"column":47}},"8":{"start":{"line":34,"column":13},"end":{"line":34,"column":28}},"9":{"start":{"line":40,"column":37},"end":{"line":52,"column":1}},"10":{"start":{"line":41,"column":2},"end":{"line":51,"column":null}},"11":{"start":{"line":48,"column":4},"end":{"line":48,"column":33}},"12":{"start":{"line":50,"column":4},"end":{"line":50,"column":55}},"13":{"start":{"line":40,"column":13},"end":{"line":40,"column":37}},"14":{"start":{"line":54,"column":39},"end":{"line":62,"column":1}},"15":{"start":{"line":57,"column":2},"end":{"line":61,"column":null}},"16":{"start":{"line":58,"column":4},"end":{"line":58,"column":58}},"17":{"start":{"line":60,"column":4},"end":{"line":60,"column":53}},"18":{"start":{"line":54,"column":13},"end":{"line":54,"column":39}},"19":{"start":{"line":64,"column":41},"end":{"line":77,"column":1}},"20":{"start":{"line":67,"column":2},"end":{"line":69,"column":null}},"21":{"start":{"line":68,"column":4},"end":{"line":68,"column":77}},"22":{"start":{"line":70,"column":2},"end":{"line":75,"column":null}},"23":{"start":{"line":71,"column":4},"end":{"line":73,"column":6}},"24":{"start":{"line":74,"column":4},"end":{"line":74,"column":44}},"25":{"start":{"line":76,"column":2},"end":{"line":76,"column":66}},"26":{"start":{"line":64,"column":13},"end":{"line":64,"column":41}},"27":{"start":{"line":79,"column":30},"end":{"line":91,"column":1}},"28":{"start":{"line":83,"column":25},"end":{"line":83,"column":36}},"29":{"start":{"line":84,"column":17},"end":{"line":84,"column":54}},"30":{"start":{"line":85,"column":38},"end":{"line":88,"column":4}},"31":{"start":{"line":89,"column":17},"end":{"line":89,"column":67}},"32":{"start":{"line":90,"column":2},"end":{"line":90,"column":26}},"33":{"start":{"line":79,"column":13},"end":{"line":79,"column":30}},"34":{"start":{"line":93,"column":23},"end":{"line":117,"column":1}},"35":{"start":{"line":94,"column":40},"end":{"line":94,"column":51}},"36":{"start":{"line":95,"column":22},"end":{"line":95,"column":27}},"37":{"start":{"line":97,"column":2},"end":{"line":116,"column":4}},"38":{"start":{"line":99,"column":6},"end":{"line":114,"column":null}},"39":{"start":{"line":100,"column":49},"end":{"line":100,"column":72}},"40":{"start":{"line":101,"column":8},"end":{"line":101,"column":49}},"41":{"start":{"line":102,"column":32},"end":{"line":102,"column":74}},"42":{"start":{"line":103,"column":26},"end":{"line":105,"column":null}},"43":{"start":{"line":107,"column":8},"end":{"line":107,"column":78}},"44":{"start":{"line":109,"column":26},"end":{"line":109,"column":68}},"45":{"start":{"line":110,"column":8},"end":{"line":113,"column":10}},"46":{"start":{"line":93,"column":13},"end":{"line":93,"column":23}}},"fnMap":{"0":{"name":"(anonymous_0)","decl":{"start":{"line":16,"column":30},"end":{"line":16,"column":31}},"loc":{"start":{"line":16,"column":67},"end":{"line":21,"column":2}}},"1":{"name":"(anonymous_1)","decl":{"start":{"line":23,"column":47},"end":{"line":23,"column":null}},"loc":{"start":{"line":25,"column":24},"end":{"line":32,"column":2}}},"2":{"name":"(anonymous_2)","decl":{"start":{"line":34,"column":28},"end":{"line":34,"column":29}},"loc":{"start":{"line":34,"column":53},"end":{"line":38,"column":1}}},"3":{"name":"(anonymous_3)","decl":{"start":{"line":40,"column":37},"end":{"line":40,"column":38}},"loc":{"start":{"line":40,"column":68},"end":{"line":52,"column":1}}},"4":{"name":"(anonymous_4)","decl":{"start":{"line":54,"column":39},"end":{"line":54,"column":null}},"loc":{"start":{"line":56,"column":10},"end":{"line":62,"column":1}}},"5":{"name":"(anonymous_5)","decl":{"start":{"line":64,"column":41},"end":{"line":64,"column":null}},"loc":{"start":{"line":66,"column":22},"end":{"line":77,"column":1}}},"6":{"name":"(anonymous_6)","decl":{"start":{"line":79,"column":30},"end":{"line":79,"column":35}},"loc":{"start":{"line":82,"column":33},"end":{"line":91,"column":1}}},"7":{"name":"(anonymous_7)","decl":{"start":{"line":93,"column":23},"end":{"line":93,"column":28}},"loc":{"start":{"line":93,"column":64},"end":{"line":117,"column":1}}},"8":{"name":"(anonymous_8)","decl":{"start":{"line":98,"column":16},"end":{"line":98,"column":21}},"loc":{"start":{"line":98,"column":33},"end":{"line":115,"column":5}}}},"branchMap":{"0":{"loc":{"start":{"line":35,"column":2},"end":{"line":37,"column":null}},"type":"if","locations":[{"start":{"line":35,"column":2},"end":{"line":37,"column":null}}]},"1":{"loc":{"start":{"line":35,"column":6},"end":{"line":35,"column":39}},"type":"binary-expr","locations":[{"start":{"line":35,"column":6},"end":{"line":35,"column":19}},{"start":{"line":35,"column":23},"end":{"line":35,"column":39}}]},"2":{"loc":{"start":{"line":41,"column":2},"end":{"line":51,"column":null}},"type":"if","locations":[{"start":{"line":41,"column":2},"end":{"line":51,"column":null}},{"start":{"line":49,"column":9},"end":{"line":51,"column":null}}]},"3":{"loc":{"start":{"line":42,"column":4},"end":{"line":46,"column":36}},"type":"binary-expr","locations":[{"start":{"line":42,"column":4},"end":{"line":42,"column":37}},{"start":{"line":43,"column":4},"end":{"line":43,"column":38}},{"start":{"line":44,"column":4},"end":{"line":44,"column":37}},{"start":{"line":45,"column":4},"end":{"line":45,"column":32}},{"start":{"line":46,"column":4},"end":{"line":46,"column":36}}]},"4":{"loc":{"start":{"line":57,"column":2},"end":{"line":61,"column":null}},"type":"if","locations":[{"start":{"line":57,"column":2},"end":{"line":61,"column":null}},{"start":{"line":59,"column":9},"end":{"line":61,"column":null}}]},"5":{"loc":{"start":{"line":67,"column":2},"end":{"line":69,"column":null}},"type":"if","locations":[{"start":{"line":67,"column":2},"end":{"line":69,"column":null}}]},"6":{"loc":{"start":{"line":70,"column":2},"end":{"line":75,"column":null}},"type":"if","locations":[{"start":{"line":70,"column":2},"end":{"line":75,"column":null}}]}},"s":{"0":1,"1":1,"2":4,"3":1,"4":3,"5":1,"6":7,"7":3,"8":1,"9":1,"10":12,"11":6,"12":6,"13":1,"14":1,"15":6,"16":1,"17":5,"18":1,"19":1,"20":5,"21":3,"22":2,"23":1,"24":1,"25":1,"26":1,"27":1,"28":5,"29":5,"30":5,"31":5,"32":5,"33":1,"34":1,"35":3,"36":3,"37":3,"38":4,"39":4,"40":4,"41":2,"42":2,"43":2,"44":2,"45":2,"46":1},"f":{"0":4,"1":3,"2":7,"3":12,"4":6,"5":5,"6":5,"7":3,"8":4},"b":{"0":[3],"1":[7,5],"2":[6,6],"3":[12,9,8,7,6],"4":[1,5],"5":[3],"6":[1]}}
,"/Users/andrewmoores/development/projects/one-login/di-account-management-backend/lambda/format-activity-log/tests/test-helper.ts": {"path":"/Users/andrewmoores/development/projects/one-login/di-account-management-backend/lambda/format-activity-log/tests/test-helper.ts","statementMap":{"0":{"start":{"line":10,"column":13},"end":{"line":10,"column":38}},"1":{"start":{"line":11,"column":13},"end":{"line":11,"column":49}},"2":{"start":{"line":12,"column":13},"end":{"line":12,"column":55}},"3":{"start":{"line":13,"column":13},"end":{"line":13,"column":37}},"4":{"start":{"line":14,"column":13},"end":{"line":14,"column":31}},"5":{"start":{"line":15,"column":13},"end":{"line":15,"column":35}},"6":{"start":{"line":16,"column":13},"end":{"line":16,"column":31}},"7":{"start":{"line":17,"column":13},"end":{"line":17,"column":42}},"8":{"start":{"line":18,"column":13},"end":{"line":18,"column":46}},"9":{"start":{"line":19,"column":13},"end":{"line":19,"column":39}},"10":{"start":{"line":20,"column":13},"end":{"line":20,"column":37}},"11":{"start":{"line":22,"column":36},"end":{"line":26,"column":2}},"12":{"start":{"line":28,"column":38},"end":{"line":35,"column":2}},"13":{"start":{"line":37,"column":13},"end":{"line":42,"column":2}},"14":{"start":{"line":44,"column":13},"end":{"line":51,"column":2}},"15":{"start":{"line":53,"column":13},"end":{"line":54,"column":29}},"16":{"start":{"line":56,"column":13},"end":{"line":59,"column":2}},"17":{"start":{"line":61,"column":26},"end":{"line":64,"column":2}},"18":{"start":{"line":65,"column":13},"end":{"line":66,"column":48}},"19":{"start":{"line":68,"column":37},"end":{"line":71,"column":2}},"20":{"start":{"line":73,"column":13},"end":{"line":76,"column":2}},"21":{"start":{"line":78,"column":34},"end":{"line":86,"column":2}},"22":{"start":{"line":87,"column":13},"end":{"line":90,"column":2}},"23":{"start":{"line":92,"column":35},"end":{"line":107,"column":2}},"24":{"start":{"line":109,"column":13},"end":{"line":111,"column":2}}},"fnMap":{},"branchMap":{},"s":{"0":1,"1":1,"2":1,"3":1,"4":1,"5":1,"6":1,"7":1,"8":1,"9":1,"10":1,"11":1,"12":1,"13":1,"14":1,"15":1,"16":1,"17":1,"18":1,"19":1,"20":1,"21":1,"22":1,"23":1,"24":1},"f":{},"b":{}}
}
