TN:
SF:format-activity-log.ts
FN:16,(anonymous_0)
FN:23,(anonymous_1)
FN:34,(anonymous_2)
FN:40,(anonymous_3)
FN:54,(anonymous_4)
FN:64,(anonymous_5)
FN:79,(anonymous_6)
FN:93,(anonymous_7)
FN:98,(anonymous_8)
FNF:9
FNH:9
FNDA:4,(anonymous_0)
FNDA:3,(anonymous_1)
FNDA:7,(anonymous_2)
FNDA:12,(anonymous_3)
FNDA:6,(anonymous_4)
FNDA:5,(anonymous_5)
FNDA:5,(anonymous_6)
FNDA:3,(anonymous_7)
FNDA:4,(anonymous_8)
DA:3,1
DA:16,4
DA:23,1
DA:25,3
DA:34,1
DA:35,7
DA:36,3
DA:40,1
DA:41,12
DA:48,6
DA:50,6
DA:54,1
DA:57,6
DA:58,1
DA:60,5
DA:64,1
DA:67,5
DA:68,3
DA:70,2
DA:71,1
DA:74,1
DA:76,1
DA:79,1
DA:83,5
DA:84,5
DA:85,5
DA:89,5
DA:90,5
DA:93,1
DA:94,3
DA:95,3
DA:97,3
DA:99,4
DA:100,4
DA:101,4
DA:102,2
DA:103,2
DA:107,2
DA:109,2
DA:110,2
LF:40
LH:40
BRDA:35,0,0,3
BRDA:35,1,0,7
BRDA:35,1,1,5
BRDA:41,2,0,6
BRDA:41,2,1,6
BRDA:42,3,0,12
BRDA:42,3,1,9
BRDA:42,3,2,8
BRDA:42,3,3,7
BRDA:42,3,4,6
BRDA:57,4,0,1
BRDA:57,4,1,5
BRDA:67,5,0,3
BRDA:70,6,0,1
BRF:14
BRH:14
end_of_record
TN:
SF:tests/test-helper.ts
FNF:0
FNH:0
DA:10,1
DA:11,1
DA:12,1
DA:13,1
DA:14,1
DA:15,1
DA:16,1
DA:17,1
DA:18,1
DA:19,1
DA:20,1
DA:22,1
DA:28,1
DA:37,1
DA:44,1
DA:53,1
DA:56,1
DA:61,1
DA:65,1
DA:68,1
DA:73,1
DA:78,1
DA:87,1
DA:92,1
DA:109,1
LF:25
LH:25
BRF:0
BRH:0
end_of_record
