<?xml version="1.0" encoding="UTF-8"?>
<coverage generated="1697100177216" clover="3.2.0">
  <project timestamp="1697100177216" name="All files">
    <metrics statements="58" coveredstatements="58" conditionals="13" coveredconditionals="13" methods="9" coveredmethods="9" elements="80" coveredelements="80" complexity="0" loc="58" ncloc="58" packages="2" files="2" classes="2"/>
    <package name="query-user-services">
      <metrics statements="43" coveredstatements="43" conditionals="11" coveredconditionals="11" methods="7" coveredmethods="7"/>
      <file name="query-user-services.ts" path="/Users/andrewmoores/development/projects/one-login/di-account-management-backend/lambda/query-user-services/query-user-services.ts">
        <metrics statements="43" coveredstatements="43" conditionals="11" coveredconditionals="11" methods="7" coveredmethods="7"/>
        <line num="2" count="1" type="stmt"/>
        <line num="3" count="1" type="stmt"/>
        <line num="8" count="1" type="stmt"/>
        <line num="9" count="1" type="stmt"/>
        <line num="19" count="1" type="stmt"/>
        <line num="22" count="1" type="stmt"/>
        <line num="24" count="1" type="stmt"/>
        <line num="25" count="1" type="stmt"/>
        <line num="30" count="1" type="stmt"/>
        <line num="31" count="9" type="stmt"/>
        <line num="33" count="9" type="stmt"/>
        <line num="39" count="9" type="stmt"/>
        <line num="41" count="7" type="cond" truecount="2" falsecount="0"/>
        <line num="44" count="1" type="stmt"/>
        <line num="45" count="9" type="cond" truecount="1" falsecount="0"/>
        <line num="46" count="1" type="stmt"/>
        <line num="50" count="1" type="stmt"/>
        <line num="51" count="13" type="cond" truecount="2" falsecount="0"/>
        <line num="57" count="8" type="stmt"/>
        <line num="59" count="5" type="stmt"/>
        <line num="63" count="1" type="stmt"/>
        <line num="67" count="3" type="stmt"/>
        <line num="71" count="3" type="stmt"/>
        <line num="74" count="1" type="stmt"/>
        <line num="78" count="8" type="stmt"/>
        <line num="79" count="8" type="stmt"/>
        <line num="80" count="8" type="stmt"/>
        <line num="84" count="8" type="stmt"/>
        <line num="85" count="8" type="stmt"/>
        <line num="88" count="1" type="stmt"/>
        <line num="89" count="4" type="stmt"/>
        <line num="90" count="4" type="stmt"/>
        <line num="91" count="4" type="stmt"/>
        <line num="93" count="9" type="stmt"/>
        <line num="94" count="9" type="stmt"/>
        <line num="99" count="9" type="cond" truecount="2" falsecount="0"/>
        <line num="100" count="7" type="stmt"/>
        <line num="101" count="7" type="stmt"/>
        <line num="102" count="3" type="stmt"/>
        <line num="106" count="3" type="stmt"/>
        <line num="108" count="2" type="stmt"/>
        <line num="113" count="4" type="stmt"/>
        <line num="114" count="4" type="stmt"/>
      </file>
    </package>
    <package name="query-user-services.tests">
      <metrics statements="15" coveredstatements="15" conditionals="2" coveredconditionals="2" methods="2" coveredmethods="2"/>
      <file name="test-helpers.ts" path="/Users/andrewmoores/development/projects/one-login/di-account-management-backend/lambda/query-user-services/tests/test-helpers.ts">
        <metrics statements="15" coveredstatements="15" conditionals="2" coveredconditionals="2" methods="2" coveredmethods="2"/>
        <line num="4" count="1" type="stmt"/>
        <line num="5" count="1" type="stmt"/>
        <line num="6" count="1" type="stmt"/>
        <line num="7" count="1" type="stmt"/>
        <line num="8" count="1" type="stmt"/>
        <line num="9" count="1" type="stmt"/>
        <line num="10" count="1" type="stmt"/>
        <line num="12" count="1" type="stmt"/>
        <line num="16" count="1" type="stmt"/>
        <line num="18" count="1" type="stmt"/>
        <line num="26" count="1" type="stmt"/>
        <line num="28" count="5" type="stmt"/>
        <line num="66" count="1" type="stmt"/>
        <line num="70" count="1" type="stmt"/>
        <line num="78" count="1" type="stmt"/>
      </file>
    </package>
  </project>
</coverage>
