{"/Users/andrewmoores/development/projects/one-login/di-account-management-backend/lambda/query-user-services/query-user-services.ts": {"path":"/Users/andrewmoores/development/projects/one-login/di-account-management-backend/lambda/query-user-services/query-user-services.ts","statementMap":{"0":{"start":{"line":2,"column":0},"end":{"line":2,"column":52}},"1":{"start":{"line":3,"column":0},"end":{"line":3,"column":null}},"2":{"start":{"line":8,"column":0},"end":{"line":8,"column":75}},"3":{"start":{"line":9,"column":0},"end":{"line":9,"column":74}},"4":{"start":{"line":19,"column":24},"end":{"line":21,"column":2}},"5":{"start":{"line":22,"column":24},"end":{"line":22,"column":43}},"6":{"start":{"line":24,"column":21},"end":{"line":24,"column":43}},"7":{"start":{"line":25,"column":24},"end":{"line":27,"column":null}},"8":{"start":{"line":30,"column":33},"end":{"line":42,"column":1}},"9":{"start":{"line":31,"column":25},"end":{"line":31,"column":36}},"10":{"start":{"line":33,"column":18},"end":{"line":38,"column":4}},"11":{"start":{"line":39,"column":18},"end":{"line":39,"column":53}},"12":{"start":{"line":41,"column":2},"end":{"line":41,"column":69}},"13":{"start":{"line":30,"column":13},"end":{"line":30,"column":33}},"14":{"start":{"line":44,"column":28},"end":{"line":48,"column":1}},"15":{"start":{"line":45,"column":2},"end":{"line":47,"column":null}},"16":{"start":{"line":46,"column":4},"end":{"line":46,"column":47}},"17":{"start":{"line":44,"column":13},"end":{"line":44,"column":28}},"18":{"start":{"line":50,"column":37},"end":{"line":61,"column":1}},"19":{"start":{"line":51,"column":2},"end":{"line":60,"column":null}},"20":{"start":{"line":57,"column":4},"end":{"line":57,"column":33}},"21":{"start":{"line":59,"column":4},"end":{"line":59,"column":55}},"22":{"start":{"line":50,"column":13},"end":{"line":50,"column":37}},"23":{"start":{"line":63,"column":30},"end":{"line":72,"column":1}},"24":{"start":{"line":67,"column":43},"end":{"line":70,"column":4}},"25":{"start":{"line":71,"column":2},"end":{"line":71,"column":25}},"26":{"start":{"line":74,"column":30},"end":{"line":86,"column":1}},"27":{"start":{"line":78,"column":25},"end":{"line":78,"column":36}},"28":{"start":{"line":79,"column":17},"end":{"line":79,"column":54}},"29":{"start":{"line":80,"column":38},"end":{"line":83,"column":4}},"30":{"start":{"line":84,"column":17},"end":{"line":84,"column":67}},"31":{"start":{"line":85,"column":2},"end":{"line":85,"column":26}},"32":{"start":{"line":74,"column":13},"end":{"line":74,"column":30}},"33":{"start":{"line":88,"column":23},"end":{"line":121,"column":1}},"34":{"start":{"line":89,"column":40},"end":{"line":89,"column":51}},"35":{"start":{"line":90,"column":22},"end":{"line":90,"column":27}},"36":{"start":{"line":91,"column":2},"end":{"line":120,"column":4}},"37":{"start":{"line":93,"column":6},"end":{"line":118,"column":null}},"38":{"start":{"line":94,"column":26},"end":{"line":97,"column":null}},"39":{"start":{"line":99,"column":8},"end":{"line":111,"column":null}},"40":{"start":{"line":100,"column":10},"end":{"line":100,"column":43}},"41":{"start":{"line":101,"column":26},"end":{"line":101,"column":73}},"42":{"start":{"line":102,"column":28},"end":{"line":104,"column":null}},"43":{"start":{"line":106,"column":10},"end":{"line":106,"column":80}},"44":{"start":{"line":108,"column":10},"end":{"line":110,"column":12}},"45":{"start":{"line":113,"column":26},"end":{"line":113,"column":79}},"46":{"start":{"line":114,"column":8},"end":{"line":117,"column":10}},"47":{"start":{"line":88,"column":13},"end":{"line":88,"column":23}}},"fnMap":{"0":{"name":"(anonymous_0)","decl":{"start":{"line":30,"column":33},"end":{"line":30,"column":38}},"loc":{"start":{"line":30,"column":78},"end":{"line":42,"column":1}}},"1":{"name":"(anonymous_1)","decl":{"start":{"line":44,"column":28},"end":{"line":44,"column":29}},"loc":{"start":{"line":44,"column":53},"end":{"line":48,"column":1}}},"2":{"name":"(anonymous_2)","decl":{"start":{"line":50,"column":37},"end":{"line":50,"column":38}},"loc":{"start":{"line":50,"column":68},"end":{"line":61,"column":1}}},"3":{"name":"(anonymous_3)","decl":{"start":{"line":63,"column":30},"end":{"line":63,"column":null}},"loc":{"start":{"line":66,"column":21},"end":{"line":72,"column":1}}},"4":{"name":"(anonymous_4)","decl":{"start":{"line":74,"column":30},"end":{"line":74,"column":35}},"loc":{"start":{"line":77,"column":33},"end":{"line":86,"column":1}}},"5":{"name":"(anonymous_5)","decl":{"start":{"line":88,"column":23},"end":{"line":88,"column":28}},"loc":{"start":{"line":88,"column":75},"end":{"line":121,"column":1}}},"6":{"name":"(anonymous_6)","decl":{"start":{"line":92,"column":16},"end":{"line":92,"column":21}},"loc":{"start":{"line":92,"column":33},"end":{"line":119,"column":5}}}},"branchMap":{"0":{"loc":{"start":{"line":41,"column":9},"end":{"line":41,"column":68}},"type":"cond-expr","locations":[{"start":{"line":41,"column":25},"end":{"line":41,"column":63}},{"start":{"line":41,"column":66},"end":{"line":41,"column":68}}]},"1":{"loc":{"start":{"line":45,"column":2},"end":{"line":47,"column":null}},"type":"if","locations":[{"start":{"line":45,"column":2},"end":{"line":47,"column":null}}]},"2":{"loc":{"start":{"line":51,"column":2},"end":{"line":60,"column":null}},"type":"if","locations":[{"start":{"line":51,"column":2},"end":{"line":60,"column":null}},{"start":{"line":58,"column":9},"end":{"line":60,"column":null}}]},"3":{"loc":{"start":{"line":52,"column":4},"end":{"line":55,"column":32}},"type":"binary-expr","locations":[{"start":{"line":52,"column":4},"end":{"line":52,"column":37}},{"start":{"line":53,"column":4},"end":{"line":53,"column":38}},{"start":{"line":54,"column":4},"end":{"line":54,"column":37}},{"start":{"line":55,"column":4},"end":{"line":55,"column":32}}]},"4":{"loc":{"start":{"line":99,"column":8},"end":{"line":111,"column":null}},"type":"if","locations":[{"start":{"line":99,"column":8},"end":{"line":111,"column":null}},{"start":{"line":107,"column":15},"end":{"line":111,"column":null}}]}},"s":{"0":1,"1":1,"2":1,"3":1,"4":1,"5":1,"6":1,"7":1,"8":1,"9":9,"10":9,"11":9,"12":7,"13":1,"14":1,"15":9,"16":1,"17":1,"18":1,"19":13,"20":8,"21":5,"22":1,"23":1,"24":3,"25":3,"26":1,"27":8,"28":8,"29":8,"30":8,"31":8,"32":1,"33":1,"34":4,"35":4,"36":4,"37":9,"38":9,"39":9,"40":7,"41":7,"42":3,"43":3,"44":2,"45":4,"46":4,"47":1},"f":{"0":9,"1":9,"2":13,"3":3,"4":8,"5":4,"6":9},"b":{"0":[4,1],"1":[1],"2":[8,5],"3":[13,8,8,8],"4":[7,2]}}
,"/Users/andrewmoores/development/projects/one-login/di-account-management-backend/lambda/query-user-services/tests/test-helpers.ts": {"path":"/Users/andrewmoores/development/projects/one-login/di-account-management-backend/lambda/query-user-services/tests/test-helpers.ts","statementMap":{"0":{"start":{"line":4,"column":13},"end":{"line":4,"column":32}},"1":{"start":{"line":5,"column":13},"end":{"line":5,"column":36}},"2":{"start":{"line":6,"column":13},"end":{"line":6,"column":31}},"3":{"start":{"line":7,"column":13},"end":{"line":7,"column":37}},"4":{"start":{"line":8,"column":13},"end":{"line":8,"column":39}},"5":{"start":{"line":9,"column":13},"end":{"line":9,"column":46}},"6":{"start":{"line":10,"column":18},"end":{"line":10,"column":32}},"7":{"start":{"line":12,"column":23},"end":{"line":14,"column":2}},"8":{"start":{"line":16,"column":30},"end":{"line":24,"column":2}},"9":{"start":{"line":18,"column":17},"end":{"line":24,"column":2}},"10":{"start":{"line":26,"column":34},"end":{"line":64,"column":2}},"11":{"start":{"line":28,"column":22},"end":{"line":64,"column":2}},"12":{"start":{"line":66,"column":13},"end":{"line":68,"column":2}},"13":{"start":{"line":70,"column":13},"end":{"line":76,"column":2}},"14":{"start":{"line":78,"column":13},"end":{"line":78,"column":66}}},"fnMap":{"0":{"name":"(anonymous_0)","decl":{"start":{"line":16,"column":30},"end":{"line":16,"column":null}},"loc":{"start":{"line":18,"column":17},"end":{"line":24,"column":2}}},"1":{"name":"(anonymous_1)","decl":{"start":{"line":26,"column":34},"end":{"line":26,"column":null}},"loc":{"start":{"line":28,"column":22},"end":{"line":64,"column":2}}}},"branchMap":{"0":{"loc":{"start":{"line":17,"column":2},"end":{"line":17,"column":41}},"type":"default-arg","locations":[{"start":{"line":17,"column":18},"end":{"line":17,"column":41}}]},"1":{"loc":{"start":{"line":27,"column":2},"end":{"line":27,"column":41}},"type":"default-arg","locations":[{"start":{"line":27,"column":18},"end":{"line":27,"column":41}}]}},"s":{"0":1,"1":1,"2":1,"3":1,"4":1,"5":1,"6":1,"7":1,"8":1,"9":1,"10":1,"11":5,"12":1,"13":1,"14":1},"f":{"0":1,"1":5},"b":{"0":[1],"1":[3]}}
}
