TN:
SF:query-user-services.ts
FN:30,(anonymous_0)
FN:44,(anonymous_1)
FN:50,(anonymous_2)
FN:63,(anonymous_3)
FN:74,(anonymous_4)
FN:88,(anonymous_5)
FN:92,(anonymous_6)
FNF:7
FNH:7
FNDA:9,(anonymous_0)
FNDA:9,(anonymous_1)
FNDA:13,(anonymous_2)
FNDA:3,(anonymous_3)
FNDA:8,(anonymous_4)
FNDA:4,(anonymous_5)
FNDA:9,(anonymous_6)
DA:2,1
DA:3,1
DA:8,1
DA:9,1
DA:19,1
DA:22,1
DA:24,1
DA:25,1
DA:30,1
DA:31,9
DA:33,9
DA:39,9
DA:41,7
DA:44,1
DA:45,9
DA:46,1
DA:50,1
DA:51,13
DA:57,8
DA:59,5
DA:63,1
DA:67,3
DA:71,3
DA:74,1
DA:78,8
DA:79,8
DA:80,8
DA:84,8
DA:85,8
DA:88,1
DA:89,4
DA:90,4
DA:91,4
DA:93,9
DA:94,9
DA:99,9
DA:100,7
DA:101,7
DA:102,3
DA:106,3
DA:108,2
DA:113,4
DA:114,4
LF:43
LH:43
BRDA:41,0,0,4
BRDA:41,0,1,1
BRDA:45,1,0,1
BRDA:51,2,0,8
BRDA:51,2,1,5
BRDA:52,3,0,13
BRDA:52,3,1,8
BRDA:52,3,2,8
BRDA:52,3,3,8
BRDA:99,4,0,7
BRDA:99,4,1,2
BRF:11
BRH:11
end_of_record
TN:
SF:tests/test-helpers.ts
FN:16,(anonymous_0)
FN:26,(anonymous_1)
FNF:2
FNH:2
FNDA:1,(anonymous_0)
FNDA:5,(anonymous_1)
DA:4,1
DA:5,1
DA:6,1
DA:7,1
DA:8,1
DA:9,1
DA:10,1
DA:12,1
DA:16,1
DA:18,1
DA:26,1
DA:28,5
DA:66,1
DA:70,1
DA:78,1
LF:15
LH:15
BRDA:17,0,0,1
BRDA:27,1,0,3
BRF:2
BRH:2
end_of_record
